<?xml version="1.0" encoding="UTF-8"?>
<testng-results ignored="4" total="8" passed="4" failed="0" skipped="0">
  <reporter-output>
  </reporter-output>
  <suite started-at="2020-02-27T23:43:40 IST" name="Loan Department" finished-at="2020-02-27T23:43:40 IST" duration-ms="154">
    <groups>
    </groups>
    <test started-at="2020-02-27T23:43:40 IST" name=" loan" finished-at="2020-02-27T23:43:40 IST" duration-ms="74">
      <class name="testpackage.Basic">
        <test-method signature="demo()[pri:0, instance:testpackage.Basic@6328d34a]" started-at="2020-02-27T23:43:40 IST" name="demo" finished-at="2020-02-27T23:43:40 IST" duration-ms="15" status="PASS">
          <reporter-output>
          </reporter-output>
        </test-method> <!-- demo -->
      </class> <!-- testpackage.Basic -->
      <class name="testpackage.xmlfile">
        <test-method signature="seconddemo()[pri:0, instance:testpackage.xmlfile@145eaa29]" started-at="2020-02-27T23:43:40 IST" name="seconddemo" finished-at="2020-02-27T23:43:40 IST" duration-ms="4" status="PASS">
          <reporter-output>
          </reporter-output>
        </test-method> <!-- seconddemo -->
      </class> <!-- testpackage.xmlfile -->
    </test> <!--  loan -->
    <test started-at="2020-02-27T23:43:40 IST" name="Personal loan" finished-at="2020-02-27T23:43:40 IST" duration-ms="6">
      <class name="testpackage.Prioritizingexample">
        <test-method signature="APIlogin()[pri:0, instance:testpackage.Prioritizingexample@240237d2]" started-at="2020-02-27T23:43:40 IST" name="APIlogin" finished-at="2020-02-27T23:43:40 IST" duration-ms="1" status="PASS">
          <reporter-output>
          </reporter-output>
        </test-method> <!-- APIlogin -->
        <test-method signature="webloginloan()[pri:0, instance:testpackage.Prioritizingexample@240237d2]" started-at="2020-02-27T23:43:40 IST" name="webloginloan" finished-at="2020-02-27T23:43:40 IST" duration-ms="0" status="PASS">
          <reporter-output>
          </reporter-output>
        </test-method> <!-- webloginloan -->
      </class> <!-- testpackage.Prioritizingexample -->
    </test> <!-- Personal loan -->
  </suite> <!-- Loan Department -->
</testng-results>
