<?xml version="1.0" encoding="UTF-8"?>
<testng-results ignored="0" total="3" passed="3" failed="0" skipped="0">
  <reporter-output>
  </reporter-output>
  <suite started-at="2020-02-26T23:25:37 IST" name="Loan Department" finished-at="2020-02-26T23:25:37 IST" duration-ms="48">
    <groups>
    </groups>
    <test started-at="2020-02-26T23:25:37 IST" name="Personal loan" finished-at="2020-02-26T23:25:37 IST" duration-ms="48">
      <class name="testpackage.Basic">
        <test-method signature="demo()[pri:0, instance:testpackage.Basic@1a38c59b]" started-at="2020-02-26T23:25:37 IST" name="demo" finished-at="2020-02-26T23:25:37 IST" duration-ms="9" status="PASS">
          <reporter-output>
          </reporter-output>
        </test-method> <!-- demo -->
      </class> <!-- testpackage.Basic -->
      <class name="testpackage.xmlfile">
        <test-method signature="demo()[pri:0, instance:testpackage.xmlfile@7f77e91b]" started-at="2020-02-26T23:25:37 IST" name="demo" finished-at="2020-02-26T23:25:37 IST" duration-ms="2" status="PASS">
          <reporter-output>
          </reporter-output>
        </test-method> <!-- demo -->
        <test-method signature="seconddemo()[pri:0, instance:testpackage.xmlfile@7f77e91b]" started-at="2020-02-26T23:25:37 IST" name="seconddemo" finished-at="2020-02-26T23:25:37 IST" duration-ms="1" status="PASS">
          <reporter-output>
          </reporter-output>
        </test-method> <!-- seconddemo -->
      </class> <!-- testpackage.xmlfile -->
    </test> <!-- Personal loan -->
  </suite> <!-- Loan Department -->
</testng-results>
