<?xml version="1.0" encoding="UTF-8"?>
<!-- Generated by org.testng.reporters.JUnitXMLReporter -->
<testsuite ignored="1" hostname="INLM-YuvrajK.local" failures="0" tests="2" name=" loan" time="0.074" errors="0" timestamp="2020-02-27T23:43:40 IST">
  <testcase classname="testpackage.Basic" name="demo" time="0.015"/>
  <testcase classname="testpackage.xmlfile" name="seconddemo" time="0.004"/>
  <testcase classname="testpackage.xmlfile" name="demo" time="0.0">
    <ignored/>
  </testcase> <!-- demo -->
</testsuite> <!--  loan -->
