<?xml version="1.0" encoding="UTF-8"?>
<!-- Generated by org.testng.reporters.JUnitXMLReporter -->
<testsuite ignored="3" hostname="INLM-YuvrajK.local" failures="0" tests="2" name="Personal loan" time="0.006" errors="0" timestamp="2020-02-27T23:43:40 IST">
  <testcase classname="testpackage.Prioritizingexample" name="APIlogin" time="0.001"/>
  <testcase classname="testpackage.Prioritizingexample" name="webloginloan" time="0.0"/>
  <testcase classname="testpackage.Prioritizingexample" name="mobileloginloan2" time="0.0">
    <ignored/>
  </testcase> <!-- mobileloginloan2 -->
  <testcase classname="testpackage.Prioritizingexample" name="mobileloginloan1" time="0.0">
    <ignored/>
  </testcase> <!-- mobileloginloan1 -->
  <testcase classname="testpackage.Prioritizingexample" name="mobileloginloan" time="0.0">
    <ignored/>
  </testcase> <!-- mobileloginloan -->
</testsuite> <!-- Personal loan -->
