<?xml version="1.0" encoding="UTF-8"?>
<!-- Generated by org.testng.reporters.JUnitXMLReporter -->
<testsuite ignored="0" hostname="INLM-YuvrajK.local" failures="0" tests="3" name="Personal loan" time="0.048" errors="0" timestamp="2020-02-26T23:25:37 IST">
  <testcase classname="testpackage.Basic" name="demo" time="0.009"/>
  <testcase classname="testpackage.xmlfile" name="demo" time="0.002"/>
  <testcase classname="testpackage.xmlfile" name="seconddemo" time="0.001"/>
</testsuite> <!-- Personal loan -->
